<?xml version="1.0" encoding="UTF-8"?>
<!-- Generated by org.testng.reporters.JUnitXMLReporter -->
<testsuite ignored="0" hostname="LAPTOP-JLAA703A" failures="0" tests="6" name="Default test" time="50.108" errors="0" timestamp="2021-09-22T09:54:16 IST">
  <testcase classname="com.sgtesting.dataproviderdemo.LoginLogoutDemo" name="launchBrowser" time="3.613"/>
  <testcase classname="com.sgtesting.dataproviderdemo.LoginLogoutDemo" name="navigate" time="13.326"/>
  <testcase classname="com.sgtesting.dataproviderdemo.LoginLogoutDemo" name="login" time="10.672"/>
  <testcase classname="com.sgtesting.dataproviderdemo.LoginLogoutDemo" name="login" time="9.827"/>
  <testcase classname="com.sgtesting.dataproviderdemo.LoginLogoutDemo" name="login" time="12.176"/>
  <testcase classname="com.sgtesting.dataproviderdemo.LoginLogoutDemo" name="closeApplication" time="0.349"/>
</testsuite> <!-- Default test -->
