<?xml version="1.0" encoding="UTF-8"?>
<testng-results ignored="0" total="6" passed="6" failed="0" skipped="0">
  <reporter-output>
  </reporter-output>
  <suite started-at="2021-09-22T09:53:25 IST" name="Default suite" finished-at="2021-09-22T09:54:15 IST" duration-ms="50108">
    <groups>
    </groups>
    <test started-at="2021-09-22T09:53:25 IST" name="Default test" finished-at="2021-09-22T09:54:15 IST" duration-ms="50108">
      <class name="com.sgtesting.dataproviderdemo.LoginLogoutDemo">
        <test-method signature="launchBrowser()[pri:1, instance:com.sgtesting.dataproviderdemo.LoginLogoutDemo@6e6f2380]" started-at="2021-09-22T09:53:25 IST" name="launchBrowser" finished-at="2021-09-22T09:53:29 IST" duration-ms="3613" status="PASS">
          <reporter-output>
          </reporter-output>
        </test-method> <!-- launchBrowser -->
        <test-method signature="navigate()[pri:2, instance:com.sgtesting.dataproviderdemo.LoginLogoutDemo@6e6f2380]" started-at="2021-09-22T09:53:29 IST" name="navigate" finished-at="2021-09-22T09:53:42 IST" duration-ms="13326" status="PASS">
          <reporter-output>
          </reporter-output>
        </test-method> <!-- navigate -->
        <test-method signature="login(java.lang.String,java.lang.String)[pri:3, instance:com.sgtesting.dataproviderdemo.LoginLogoutDemo@6e6f2380]" started-at="2021-09-22T09:53:42 IST" name="login" data-provider="getLoginData" finished-at="2021-09-22T09:53:53 IST" duration-ms="10672" status="PASS">
          <params>
            <param index="0">
              <value>
                <![CDATA[admin]]>
              </value>
            </param>
            <param index="1">
              <value>
                <![CDATA[manager]]>
              </value>
            </param>
          </params>
          <reporter-output>
          </reporter-output>
        </test-method> <!-- login -->
        <test-method signature="login(java.lang.String,java.lang.String)[pri:3, instance:com.sgtesting.dataproviderdemo.LoginLogoutDemo@6e6f2380]" started-at="2021-09-22T09:53:53 IST" name="login" data-provider="getLoginData" finished-at="2021-09-22T09:54:03 IST" duration-ms="9827" status="PASS">
          <params>
            <param index="0">
              <value>
                <![CDATA[admin]]>
              </value>
            </param>
            <param index="1">
              <value>
                <![CDATA[manager]]>
              </value>
            </param>
          </params>
          <reporter-output>
          </reporter-output>
        </test-method> <!-- login -->
        <test-method signature="login(java.lang.String,java.lang.String)[pri:3, instance:com.sgtesting.dataproviderdemo.LoginLogoutDemo@6e6f2380]" started-at="2021-09-22T09:54:03 IST" name="login" data-provider="getLoginData" finished-at="2021-09-22T09:54:15 IST" duration-ms="12176" status="PASS">
          <params>
            <param index="0">
              <value>
                <![CDATA[admin]]>
              </value>
            </param>
            <param index="1">
              <value>
                <![CDATA[manager]]>
              </value>
            </param>
          </params>
          <reporter-output>
          </reporter-output>
        </test-method> <!-- login -->
        <test-method signature="closeApplication()[pri:4, instance:com.sgtesting.dataproviderdemo.LoginLogoutDemo@6e6f2380]" started-at="2021-09-22T09:54:15 IST" name="closeApplication" finished-at="2021-09-22T09:54:15 IST" duration-ms="349" status="PASS">
          <reporter-output>
          </reporter-output>
        </test-method> <!-- closeApplication -->
      </class> <!-- com.sgtesting.dataproviderdemo.LoginLogoutDemo -->
    </test> <!-- Default test -->
  </suite> <!-- Default suite -->
</testng-results>
