<?xml version="1.0" encoding="UTF-8"?>
<!-- Generated by org.testng.reporters.JUnitXMLReporter -->
<testsuite ignored="0" hostname="LAPTOP-JLAA703A" failures="0" tests="65" name="Test cases" time="420.713" errors="0" timestamp="2021-09-17T01:57:46 IST">
  <testcase classname="com.sgtesting.dataproviderdemo.AssignmentTestng2" name="launchBrowser" time="2.169"/>
  <testcase classname="com.sgtesting.dataproviderdemo.AssignmentTestng2" name="navigate" time="6.77"/>
  <testcase classname="com.sgtesting.dataproviderdemo.AssignmentTestng2" name="login" time="4.318"/>
  <testcase classname="com.sgtesting.dataproviderdemo.AssignmentTestng2" name="minimizeFlyOutWindow" time="3.052"/>
  <testcase classname="com.sgtesting.dataproviderdemo.AssignmentTestng2" name="createUser" time="22.579"/>
  <testcase classname="com.sgtesting.dataproviderdemo.AssignmentTestng2" name="modifyUser" time="15.21"/>
  <testcase classname="com.sgtesting.dataproviderdemo.AssignmentTestng2" name="deleteUser" time="8.314"/>
  <testcase classname="com.sgtesting.dataproviderdemo.AssignmentTestng2" name="logout" time="2.621"/>
  <testcase classname="com.sgtesting.dataproviderdemo.AssignmentTestng2" name="closeApplication" time="0.202"/>
  <testcase classname="com.sgtesting.dataproviderdemo.AssignmentTestng3" name="launchBrowser" time="1.561"/>
  <testcase classname="com.sgtesting.dataproviderdemo.AssignmentTestng3" name="navigate" time="8.735"/>
  <testcase classname="com.sgtesting.dataproviderdemo.AssignmentTestng3" name="login" time="5.252"/>
  <testcase classname="com.sgtesting.dataproviderdemo.AssignmentTestng3" name="minimizeFlyOutWindow" time="2.199"/>
  <testcase classname="com.sgtesting.dataproviderdemo.AssignmentTestng3" name="createCustomer" time="13.633"/>
  <testcase classname="com.sgtesting.dataproviderdemo.AssignmentTestng3" name="deleteCustomer" time="8.663"/>
  <testcase classname="com.sgtesting.dataproviderdemo.AssignmentTestng3" name="logout" time="2.402"/>
  <testcase classname="com.sgtesting.dataproviderdemo.AssignmentTestng3" name="closeApplication" time="0.201"/>
  <testcase classname="com.sgtesting.dataproviderdemo.AssignmentTestng4" name="launchBrowser" time="1.514"/>
  <testcase classname="com.sgtesting.dataproviderdemo.AssignmentTestng4" name="navigate" time="7.524"/>
  <testcase classname="com.sgtesting.dataproviderdemo.AssignmentTestng4" name="login" time="5.376"/>
  <testcase classname="com.sgtesting.dataproviderdemo.AssignmentTestng4" name="minimizeFlyOutWindow" time="2.1"/>
  <testcase classname="com.sgtesting.dataproviderdemo.AssignmentTestng4" name="createCustomer" time="13.779"/>
  <testcase classname="com.sgtesting.dataproviderdemo.AssignmentTestng4" name="modifyCustomer" time="9.095"/>
  <testcase classname="com.sgtesting.dataproviderdemo.AssignmentTestng4" name="deleteCustomer" time="8.828"/>
  <testcase classname="com.sgtesting.dataproviderdemo.AssignmentTestng4" name="logout" time="2.48"/>
  <testcase classname="com.sgtesting.dataproviderdemo.AssignmentTestng4" name="closeApplication" time="0.173"/>
  <testcase classname="com.sgtesting.dataproviderdemo.AssignmentTestng5" name="launchBrowser" time="1.592"/>
  <testcase classname="com.sgtesting.dataproviderdemo.AssignmentTestng5" name="navigate" time="8.699"/>
  <testcase classname="com.sgtesting.dataproviderdemo.AssignmentTestng5" name="login" time="5.27"/>
  <testcase classname="com.sgtesting.dataproviderdemo.AssignmentTestng5" name="minimizeFlyOutWindow" time="2.173"/>
  <testcase classname="com.sgtesting.dataproviderdemo.AssignmentTestng5" name="createCustomer" time="13.569"/>
  <testcase classname="com.sgtesting.dataproviderdemo.AssignmentTestng5" name="createProject" time="10.843"/>
  <testcase classname="com.sgtesting.dataproviderdemo.AssignmentTestng5" name="deleteProject" time="12.675"/>
  <testcase classname="com.sgtesting.dataproviderdemo.AssignmentTestng5" name="deleteCustomer" time="8.607"/>
  <testcase classname="com.sgtesting.dataproviderdemo.AssignmentTestng5" name="logout" time="2.627"/>
  <testcase classname="com.sgtesting.dataproviderdemo.AssignmentTestng5" name="closeApplication" time="0.168"/>
  <testcase classname="com.sgtesting.dataproviderdemo.AssignmentTestng6" name="launchBrowser" time="1.675"/>
  <testcase classname="com.sgtesting.dataproviderdemo.AssignmentTestng6" name="navigate" time="8.012"/>
  <testcase classname="com.sgtesting.dataproviderdemo.AssignmentTestng6" name="login" time="5.26"/>
  <testcase classname="com.sgtesting.dataproviderdemo.AssignmentTestng6" name="minimizeFlyOutWindow" time="2.18"/>
  <testcase classname="com.sgtesting.dataproviderdemo.AssignmentTestng6" name="createCustomer" time="13.566"/>
  <testcase classname="com.sgtesting.dataproviderdemo.AssignmentTestng6" name="createProject" time="10.586"/>
  <testcase classname="com.sgtesting.dataproviderdemo.AssignmentTestng6" name="modifyProject" time="8.627"/>
  <testcase classname="com.sgtesting.dataproviderdemo.AssignmentTestng6" name="deleteProject" time="12.549"/>
  <testcase classname="com.sgtesting.dataproviderdemo.AssignmentTestng6" name="deleteCustomer" time="8.865"/>
  <testcase classname="com.sgtesting.dataproviderdemo.AssignmentTestng6" name="logout" time="2.7"/>
  <testcase classname="com.sgtesting.dataproviderdemo.AssignmentTestng6" name="closeApplication" time="0.201"/>
  <testcase classname="com.sgtesting.dataproviderdemo.AssignmentTestng7" name="launchBrowser" time="1.694"/>
  <testcase classname="com.sgtesting.dataproviderdemo.AssignmentTestng7" name="navigate" time="7.516"/>
  <testcase classname="com.sgtesting.dataproviderdemo.AssignmentTestng7" name="login" time="5.262"/>
  <testcase classname="com.sgtesting.dataproviderdemo.AssignmentTestng7" name="minimizeFlyOutWindow" time="2.136"/>
  <testcase classname="com.sgtesting.dataproviderdemo.AssignmentTestng7" name="createCustomer" time="14.182"/>
  <testcase classname="com.sgtesting.dataproviderdemo.AssignmentTestng7" name="createProject" time="10.774"/>
  <testcase classname="com.sgtesting.dataproviderdemo.AssignmentTestng7" name="createTask" time="8.756"/>
  <testcase classname="com.sgtesting.dataproviderdemo.AssignmentTestng7" name="deleteTask" time="6.546"/>
  <testcase classname="com.sgtesting.dataproviderdemo.AssignmentTestng7" name="deleteProject" time="12.775"/>
  <testcase classname="com.sgtesting.dataproviderdemo.AssignmentTestng7" name="deleteCustomer" time="8.823"/>
  <testcase classname="com.sgtesting.dataproviderdemo.AssignmentTestng7" name="logout" time="2.429"/>
  <testcase classname="com.sgtesting.dataproviderdemo.AssignmentTestng7" name="closeApplication" time="0.218"/>
  <testcase classname="com.sgtesting.dataproviderdemo.LoginLogoutDemo" name="launchBrowser" time="1.758"/>
  <testcase classname="com.sgtesting.dataproviderdemo.LoginLogoutDemo" name="navigate" time="11.195"/>
  <testcase classname="com.sgtesting.dataproviderdemo.LoginLogoutDemo" name="login" time="8.933"/>
  <testcase classname="com.sgtesting.dataproviderdemo.LoginLogoutDemo" name="login" time="8.831"/>
  <testcase classname="com.sgtesting.dataproviderdemo.LoginLogoutDemo" name="login" time="8.966"/>
  <testcase classname="com.sgtesting.dataproviderdemo.LoginLogoutDemo" name="closeApplication" time="0.487"/>
</testsuite> <!-- Test cases -->
